2025-05-19 01:19:31,676 - INFO - INÍCIO DO PROCESSAMENTO AVANÇADO
2025-05-19 01:19:31,685 - INFO - Processando dados de consumo...
2025-05-19 01:19:49,738 - ERROR - Erro no processamento de Consumo_fase_b.txt (consumo): cannot reindex on an axis with duplicate labels
2025-05-19 01:20:02,925 - ERROR - Erro no processamento de Consumo_fase_c.txt (consumo): cannot reindex on an axis with duplicate labels
2025-05-19 01:20:02,947 - INFO - Processando dados fotovoltaicos...
2025-05-19 01:20:21,011 - ERROR - Erro no processamento de Fotovoltaico_fase_b.txt (pv): cannot reindex on an axis with duplicate labels
2025-05-19 01:20:31,042 - INFO - Calculando consumo líquido...
2025-05-19 01:20:32,072 - INFO - 
Treinando modelo LSTM...
2025-05-19 01:20:58,367 - ERROR - Erro no treinamento do LSTM: Could not interpret loss identifier: huber_loss
2025-05-19 01:20:58,367 - ERROR - ERRO NO PROCESSAMENTO PRINCIPAL: Could not interpret loss identifier: huber_loss
2025-05-19 01:51:00,609 - INFO - INÍCIO DO PROCESSAMENTO AVANÇADO
2025-05-19 01:51:00,619 - INFO - Processando dados de consumo...
2025-05-19 01:51:36,823 - INFO - Processando dados fotovoltaicos...
2025-05-19 01:52:06,714 - INFO - Calculando consumo líquido...
2025-05-19 01:52:42,534 - INFO - 
Treinando modelo LSTM...
2025-05-19 19:36:35,911 - INFO - INÍCIO DO PROCESSAMENTO AVANÇADO
2025-05-19 19:36:35,914 - INFO - Processando dados de consumo...
2025-05-19 19:36:40,312 - INFO - Processando dados fotovoltaicos...
2025-05-19 19:36:44,490 - INFO - Calculando consumo líquido...
2025-05-19 19:36:48,465 - INFO - 
Treinando modelo LSTM...
2025-05-20 19:10:22,911 - INFO - INÍCIO DO PROCESSAMENTO AVANÇADO
2025-05-20 19:10:22,911 - INFO - Processando dados de consumo...
2025-05-20 19:10:25,535 - INFO - Processando dados fotovoltaicos...
2025-05-20 19:10:27,801 - INFO - Calculando consumo líquido...
2025-05-20 19:10:30,806 - INFO - 
Treinando modelo LSTM...
2025-05-20 20:07:34,499 - WARNING - You are saving your model as an HDF5 file via `model.save()` or `keras.saving.save_model(model)`. This file format is considered legacy. We recommend using instead the native Keras format, e.g. `model.save('my_model.keras')` or `keras.saving.save_model(model, 'my_model.keras')`. 
2025-05-20 21:02:27,775 - WARNING - You are saving your model as an HDF5 file via `model.save()` or `keras.saving.save_model(model)`. This file format is considered legacy. We recommend using instead the native Keras format, e.g. `model.save('my_model.keras')` or `keras.saving.save_model(model, 'my_model.keras')`. 
2025-05-20 23:03:34,652 - WARNING - You are saving your model as an HDF5 file via `model.save()` or `keras.saving.save_model(model)`. This file format is considered legacy. We recommend using instead the native Keras format, e.g. `model.save('my_model.keras')` or `keras.saving.save_model(model, 'my_model.keras')`. 
2025-05-26 09:10:51,676 - INFO - INÍCIO DO PROCESSAMENTO AVANÇADO
2025-05-26 09:10:51,681 - INFO - Processando dados de consumo...
2025-05-26 09:10:54,749 - INFO - Processando dados fotovoltaicos...
2025-05-26 09:10:57,044 - INFO - Calculando consumo líquido...
2025-05-26 09:11:00,298 - INFO - 
Treinando modelo LSTM...
2025-05-26 20:54:24,601 - WARNING - You are saving your model as an HDF5 file via `model.save()` or `keras.saving.save_model(model)`. This file format is considered legacy. We recommend using instead the native Keras format, e.g. `model.save('my_model.keras')` or `keras.saving.save_model(model, 'my_model.keras')`. 
2025-05-27 02:14:22,580 - WARNING - You are saving your model as an HDF5 file via `model.save()` or `keras.saving.save_model(model)`. This file format is considered legacy. We recommend using instead the native Keras format, e.g. `model.save('my_model.keras')` or `keras.saving.save_model(model, 'my_model.keras')`. 
2025-05-27 15:09:09,547 - WARNING - You are saving your model as an HDF5 file via `model.save()` or `keras.saving.save_model(model)`. This file format is considered legacy. We recommend using instead the native Keras format, e.g. `model.save('my_model.keras')` or `keras.saving.save_model(model, 'my_model.keras')`. 
